2024-08-22 10:55:55.847 [info] Started local extension host with pid 28623.
2024-08-22 10:55:56.095 [error] [onecentlin.laravel5-snippets]: Unknown language in `contributes.laravel5-snippets.language`. Provided value: blade
2024-08-22 10:55:58.667 [info] [perf] Render performance baseline is 22ms
2024-08-22 12:43:23.462 [error] Invalid regular expression: /use (.+)[App\Http\Controllers\kasirController;/g: Unterminated character class: SyntaxError: Invalid regular expression: /use (.+)[App\Http\Controllers\kasirController;/g: Unterminated character class
	at new RegExp (<anonymous>)
	at k.getModelClass (/root/.vscode/extensions/amiralizadeh9480.laravel-extra-intellisense-0.6.6/dist/extension.js:1:155657)
	at k.provideCompletionItems (/root/.vscode/extensions/amiralizadeh9480.laravel-extra-intellisense-0.6.6/dist/extension.js:1:154071)
	at ye.provideCompletionItems (/usr/share/code/resources/app/out/vs/workbench/api/node/extensionHostProcess.js:154:115716)
	at /usr/share/code/resources/app/out/vs/workbench/api/node/extensionHostProcess.js:154:141995
	at De.s (/usr/share/code/resources/app/out/vs/workbench/api/node/extensionHostProcess.js:154:133052)
	at De.$provideCompletionItems (/usr/share/code/resources/app/out/vs/workbench/api/node/extensionHostProcess.js:154:141981)
	at E.S (/usr/share/code/resources/app/out/vs/workbench/api/node/extensionHostProcess.js:151:5980)
	at E.Q (/usr/share/code/resources/app/out/vs/workbench/api/node/extensionHostProcess.js:151:5746)
	at E.M (/usr/share/code/resources/app/out/vs/workbench/api/node/extensionHostProcess.js:151:4739)
	at E.L (/usr/share/code/resources/app/out/vs/workbench/api/node/extensionHostProcess.js:151:3605)
	at i.value (/usr/share/code/resources/app/out/vs/workbench/api/node/extensionHostProcess.js:151:2297)
	at n.B (/usr/share/code/resources/app/out/vs/workbench/api/node/extensionHostProcess.js:83:737)
	at n.fire (/usr/share/code/resources/app/out/vs/workbench/api/node/extensionHostProcess.js:83:954)
	at s.fire (/usr/share/code/resources/app/out/vs/workbench/api/node/extensionHostProcess.js:97:14453)
	at i.value (/usr/share/code/resources/app/out/vs/workbench/api/node/extensionHostProcess.js:177:8655)
	at n.B (/usr/share/code/resources/app/out/vs/workbench/api/node/extensionHostProcess.js:83:737)
	at n.fire (/usr/share/code/resources/app/out/vs/workbench/api/node/extensionHostProcess.js:83:954)
	at s.fire (/usr/share/code/resources/app/out/vs/workbench/api/node/extensionHostProcess.js:97:14453)
	at MessagePortMain.<anonymous> (/usr/share/code/resources/app/out/vs/workbench/api/node/extensionHostProcess.js:177:6781)
	at MessagePortMain.emit (node:events:519:28)
	at MessagePortMain._internalPort.emit (node:electron/js2c/utility_init:2:2285)
2024-08-22 12:43:25.289 [error] Invalid regular expression: /use (.+)[App\Http\Controllers\kasirController;/g: Unterminated character class: SyntaxError: Invalid regular expression: /use (.+)[App\Http\Controllers\kasirController;/g: Unterminated character class
	at new RegExp (<anonymous>)
	at k.getModelClass (/root/.vscode/extensions/amiralizadeh9480.laravel-extra-intellisense-0.6.6/dist/extension.js:1:155657)
	at k.provideCompletionItems (/root/.vscode/extensions/amiralizadeh9480.laravel-extra-intellisense-0.6.6/dist/extension.js:1:154071)
	at ye.provideCompletionItems (/usr/share/code/resources/app/out/vs/workbench/api/node/extensionHostProcess.js:154:115716)
	at /usr/share/code/resources/app/out/vs/workbench/api/node/extensionHostProcess.js:154:141995
	at De.s (/usr/share/code/resources/app/out/vs/workbench/api/node/extensionHostProcess.js:154:133052)
	at De.$provideCompletionItems (/usr/share/code/resources/app/out/vs/workbench/api/node/extensionHostProcess.js:154:141981)
	at E.S (/usr/share/code/resources/app/out/vs/workbench/api/node/extensionHostProcess.js:151:5980)
	at E.Q (/usr/share/code/resources/app/out/vs/workbench/api/node/extensionHostProcess.js:151:5746)
	at E.M (/usr/share/code/resources/app/out/vs/workbench/api/node/extensionHostProcess.js:151:4739)
	at E.L (/usr/share/code/resources/app/out/vs/workbench/api/node/extensionHostProcess.js:151:3605)
	at i.value (/usr/share/code/resources/app/out/vs/workbench/api/node/extensionHostProcess.js:151:2297)
	at n.B (/usr/share/code/resources/app/out/vs/workbench/api/node/extensionHostProcess.js:83:737)
	at n.fire (/usr/share/code/resources/app/out/vs/workbench/api/node/extensionHostProcess.js:83:954)
	at s.fire (/usr/share/code/resources/app/out/vs/workbench/api/node/extensionHostProcess.js:97:14453)
	at i.value (/usr/share/code/resources/app/out/vs/workbench/api/node/extensionHostProcess.js:177:8655)
	at n.B (/usr/share/code/resources/app/out/vs/workbench/api/node/extensionHostProcess.js:83:737)
	at n.fire (/usr/share/code/resources/app/out/vs/workbench/api/node/extensionHostProcess.js:83:954)
	at s.fire (/usr/share/code/resources/app/out/vs/workbench/api/node/extensionHostProcess.js:97:14453)
	at MessagePortMain.<anonymous> (/usr/share/code/resources/app/out/vs/workbench/api/node/extensionHostProcess.js:177:6781)
	at MessagePortMain.emit (node:events:519:28)
	at MessagePortMain._internalPort.emit (node:electron/js2c/utility_init:2:2285)
2024-08-22 14:03:39.351 [error] InstantiationService has been disposed: Error: InstantiationService has been disposed
    at g.m (vscode-file://vscode-app/usr/share/code/resources/app/out/vs/workbench/workbench.desktop.main.js:655:386)
    at g.createInstance (vscode-file://vscode-app/usr/share/code/resources/app/out/vs/workbench/workbench.desktop.main.js:655:944)
    at Ue.Wc (vscode-file://vscode-app/usr/share/code/resources/app/out/vs/workbench/workbench.desktop.main.js:2633:57059)
